<?xml version="1.0" encoding="UTF-8" ?>
<testsuite errors="0" failures="0" hostname="NCCOrigin" name="com.flatironschool.javacs.WikiPhilosophyTest" skipped="0" tests="1" time="18.678" timestamp="2016-07-11T00:00:57">
  <properties>
[...]
</properties>
  <testcase classname="com.flatironschool.javacs.WikiPhilosophyTest" name="testMain" time="18.642" />
  <system-out><![CDATA[19
Java
 is a general-purpose 
computer programming language
----computer programming language
18
A 
programming language
----programming language
17
A 
programming language
 is a 
formal
----formal
16
Formal
 and 
Informal
, and 
Formality
 and 
Informality
, may refer to
15
Formal
 and 
Informal
, and 
Formality
 and 
Informality
, may refer to
14
Formal
 and 
Informal
, and 
Formality
 and 
Informality
, may refer to
13
Formal
 and 
Informal
, and 
Formality
 and 
Informality
, may refer to
12
Formal
 and 
Informal
, and 
Formality
 and 
Informality
, may refer to
11
Formal
 and 
Informal
, and 
Formality
 and 
Informality
, may refer to
10
Formal
 and 
Informal
, and 
Formality
 and 
Informality
, may refer to
9
Formal
 and 
Informal
, and 
Formality
 and 
Informality
, may refer to
8
Formal
 and 
Informal
, and 
Formality
 and 
Informality
, may refer to
7
Formal
 and 
Informal
, and 
Formality
 and 
Informality
, may refer to
6
Formal
 and 
Informal
, and 
Formality
 and 
Informality
, may refer to
5
Formal
 and 
Informal
, and 
Formality
 and 
Informality
, may refer to
4
Formal
 and 
Informal
, and 
Formality
 and 
Informality
, may refer to
3
Formal
 and 
Informal
, and 
Formality
 and 
Informality
, may refer to
2
Formal
 and 
Informal
, and 
Formality
 and 
Informality
, may refer to
1
Formal
 and 
Informal
, and 
Formality
 and 
Informality
, may refer to
0
]]></system-out>
  <system-err><![CDATA[]]></system-err>
</testsuite>
